Watching for file changes with StatReloader
Performing system checks...

System check identified no issues (0 silenced).
August 05, 2021 - 19:28:20
Django version 3.2.4, using settings 'cobalt.settings'
Starting development server at http://0.0.0.0:80000/
Quit the server with CONTROL-C.
Exception in thread django-main-thread:
Traceback (most recent call last):
  File "/Library/Frameworks/Python.framework/Versions/3.7/lib/python3.7/threading.py", line 917, in _bootstrap_inner
    self.run()
  File "/Library/Frameworks/Python.framework/Versions/3.7/lib/python3.7/threading.py", line 865, in run
    self._target(*self._args, **self._kwargs)
  File "/Users/guthrie/Development/c2/myenv/lib/python3.7/site-packages/django/utils/autoreload.py", line 64, in wrapper
    fn(*args, **kwargs)
  File "/Users/guthrie/Development/c2/myenv/lib/python3.7/site-packages/django/core/management/commands/runserver.py", line 140, in inner_run
    ipv6=self.use_ipv6, threading=threading, server_cls=self.server_cls)
  File "/Users/guthrie/Development/c2/myenv/lib/python3.7/site-packages/django/core/servers/basehttp.py", line 210, in run
    httpd = httpd_cls(server_address, WSGIRequestHandler, ipv6=ipv6)
  File "/Users/guthrie/Development/c2/myenv/lib/python3.7/site-packages/django/core/servers/basehttp.py", line 71, in __init__
    super().__init__(*args, **kwargs)
  File "/Library/Frameworks/Python.framework/Versions/3.7/lib/python3.7/socketserver.py", line 452, in __init__
    self.server_bind()
  File "/Library/Frameworks/Python.framework/Versions/3.7/lib/python3.7/wsgiref/simple_server.py", line 50, in server_bind
    HTTPServer.server_bind(self)
  File "/Library/Frameworks/Python.framework/Versions/3.7/lib/python3.7/http/server.py", line 137, in server_bind
    socketserver.TCPServer.server_bind(self)
  File "/Library/Frameworks/Python.framework/Versions/3.7/lib/python3.7/socketserver.py", line 466, in server_bind
    self.socket.bind(self.server_address)
OverflowError: getsockaddrarg: port must be 0-65535.

Watching for file changes with StatReloader
Performing system checks...

System check identified no issues (0 silenced).
August 05, 2021 - 19:30:02
Django version 3.2.4, using settings 'cobalt.settings'
Starting development server at http://0.0.0.0:8088/
Quit the server with CONTROL-C.
[05/Aug/2021 19:30:12] "GET / HTTP/1.1" 200 35286
[05/Aug/2021 19:30:12] "GET /static/assets/css/cobalt.css HTTP/1.1" 200 1840
[05/Aug/2021 19:30:12] "GET /static/assets/js/core/popper.min.js HTTP/1.1" 200 33477
[05/Aug/2021 19:30:13] "GET /static/assets/js/plugins/perfect-scrollbar.jquery.min.js HTTP/1.1" 200 25332
[05/Aug/2021 19:30:13] "GET /static/assets/js/core/bootstrap-material-design.min.js HTTP/1.1" 200 76652
[05/Aug/2021 19:30:13] "GET /static/assets/js/core/jquery-3.4.1.min.js HTTP/1.1" 200 88145
[05/Aug/2021 19:30:13] "GET /static/assets/css/material-dashboard.css?v=2.1.1 HTTP/1.1" 200 662666
[05/Aug/2021 19:30:13] "GET /static/assets/js/jquery-validation-1.19.2/jquery.validate.min.js HTTP/1.1" 200 24443
[05/Aug/2021 19:30:13] "GET /static/assets/js/jquery-validation-1.19.2/additional-methods.min.js HTTP/1.1" 200 22660
[05/Aug/2021 19:30:13] "GET /static/assets/css/font-awesome.5.14/css/all.min.css HTTP/1.1" 200 58935
[05/Aug/2021 19:30:13] "GET /static/assets/js/waypoints/jquery.waypoints.min.js HTTP/1.1" 200 9028
[05/Aug/2021 19:30:13] "GET /static/assets/js/waypoints/shortcuts/infinite.min.js HTTP/1.1" 200 1460
[05/Aug/2021 19:30:13] "GET /static/assets/js/countUp.2.0.7/countUp.umd.js HTTP/1.1" 200 10765
[05/Aug/2021 19:30:13] "GET /static/assets/js/polyfill.core-js.2.4.1.js HTTP/1.1" 200 238050
[05/Aug/2021 19:30:13] "GET /static/assets/js/material-dashboard-noscroll.js?v=2.1.1 HTTP/1.1" 200 21885
[05/Aug/2021 19:30:13] "GET /static/assets/img/abftechlogo.png HTTP/1.1" 200 120249
[05/Aug/2021 19:30:13] "GET /media/pic_folder/tba.png HTTP/1.1" 200 4646
[05/Aug/2021 19:30:13] "GET /media/pic_folder/105.jpg HTTP/1.1" 200 296535
[05/Aug/2021 19:30:13] "GET /media/pic_folder/102.jpg HTTP/1.1" 200 624774
[05/Aug/2021 19:30:13] "GET /media/pic_folder/109.jpg HTTP/1.1" 200 602644
[05/Aug/2021 19:30:13] "GET /media/pic_folder/104.jpg HTTP/1.1" 200 697697
[05/Aug/2021 19:30:14] "GET /static/assets/img/slider.jpg HTTP/1.1" 200 18135
[05/Aug/2021 19:30:14] "GET /static/assets/img/favicon.png HTTP/1.1" 200 4109
Watching for file changes with StatReloader
Performing system checks...

System check identified no issues (0 silenced).
August 05, 2021 - 19:46:09
Django version 3.2.4, using settings 'cobalt.settings'
Starting development server at http://0.0.0.0:8088/
Quit the server with CONTROL-C.
Watching for file changes with StatReloader
Exception in thread django-main-thread:
Traceback (most recent call last):
  File "/Users/guthrie/Development/c2/myenv/lib/python3.7/site-packages/django/db/backends/base/base.py", line 219, in ensure_connection
    self.connect()
  File "/Users/guthrie/Development/c2/myenv/lib/python3.7/site-packages/django/utils/asyncio.py", line 26, in inner
    return func(*args, **kwargs)
  File "/Users/guthrie/Development/c2/myenv/lib/python3.7/site-packages/django/db/backends/base/base.py", line 200, in connect
    self.connection = self.get_new_connection(conn_params)
  File "/Users/guthrie/Development/c2/myenv/lib/python3.7/site-packages/django/utils/asyncio.py", line 26, in inner
    return func(*args, **kwargs)
  File "/Users/guthrie/Development/c2/myenv/lib/python3.7/site-packages/django/db/backends/postgresql/base.py", line 187, in get_new_connection
    connection = Database.connect(**conn_params)
  File "/Users/guthrie/Development/c2/myenv/lib/python3.7/site-packages/psycopg2/__init__.py", line 126, in connect
    conn = _connect(dsn, connection_factory=connection_factory, **kwasync)
psycopg2.OperationalError: FATAL:  database "test" does not exist


The above exception was the direct cause of the following exception:

Traceback (most recent call last):
  File "/Library/Frameworks/Python.framework/Versions/3.7/lib/python3.7/threading.py", line 917, in _bootstrap_inner
    self.run()
  File "/Library/Frameworks/Python.framework/Versions/3.7/lib/python3.7/threading.py", line 865, in run
    self._target(*self._args, **self._kwargs)
  File "/Users/guthrie/Development/c2/myenv/lib/python3.7/site-packages/django/utils/autoreload.py", line 64, in wrapper
    fn(*args, **kwargs)
  File "/Users/guthrie/Development/c2/myenv/lib/python3.7/site-packages/django/core/management/commands/runserver.py", line 110, in inner_run
    autoreload.raise_last_exception()
  File "/Users/guthrie/Development/c2/myenv/lib/python3.7/site-packages/django/utils/autoreload.py", line 87, in raise_last_exception
    raise _exception[1]
  File "/Users/guthrie/Development/c2/myenv/lib/python3.7/site-packages/django/core/management/__init__.py", line 375, in execute
    autoreload.check_errors(django.setup)()
  File "/Users/guthrie/Development/c2/myenv/lib/python3.7/site-packages/django/utils/autoreload.py", line 64, in wrapper
    fn(*args, **kwargs)
  File "/Users/guthrie/Development/c2/myenv/lib/python3.7/site-packages/django/__init__.py", line 24, in setup
    apps.populate(settings.INSTALLED_APPS)
  File "/Users/guthrie/Development/c2/myenv/lib/python3.7/site-packages/django/apps/registry.py", line 122, in populate
    app_config.ready()
  File "/Users/guthrie/Development/c2/cobalt/notifications/apps.py", line 25, in ready
    EmailThread.objects.all().delete()
  File "/Users/guthrie/Development/c2/myenv/lib/python3.7/site-packages/django/db/models/query.py", line 746, in delete
    deleted, _rows_count = collector.delete()
  File "/Users/guthrie/Development/c2/myenv/lib/python3.7/site-packages/django/db/models/deletion.py", line 400, in delete
    with transaction.atomic(using=self.using, savepoint=False):
  File "/Users/guthrie/Development/c2/myenv/lib/python3.7/site-packages/django/db/transaction.py", line 189, in __enter__
    if not connection.get_autocommit():
  File "/Users/guthrie/Development/c2/myenv/lib/python3.7/site-packages/django/db/backends/base/base.py", line 389, in get_autocommit
    self.ensure_connection()
  File "/Users/guthrie/Development/c2/myenv/lib/python3.7/site-packages/django/utils/asyncio.py", line 26, in inner
    return func(*args, **kwargs)
  File "/Users/guthrie/Development/c2/myenv/lib/python3.7/site-packages/django/db/backends/base/base.py", line 219, in ensure_connection
    self.connect()
  File "/Users/guthrie/Development/c2/myenv/lib/python3.7/site-packages/django/db/utils.py", line 90, in __exit__
    raise dj_exc_value.with_traceback(traceback) from exc_value
  File "/Users/guthrie/Development/c2/myenv/lib/python3.7/site-packages/django/db/backends/base/base.py", line 219, in ensure_connection
    self.connect()
  File "/Users/guthrie/Development/c2/myenv/lib/python3.7/site-packages/django/utils/asyncio.py", line 26, in inner
    return func(*args, **kwargs)
  File "/Users/guthrie/Development/c2/myenv/lib/python3.7/site-packages/django/db/backends/base/base.py", line 200, in connect
    self.connection = self.get_new_connection(conn_params)
  File "/Users/guthrie/Development/c2/myenv/lib/python3.7/site-packages/django/utils/asyncio.py", line 26, in inner
    return func(*args, **kwargs)
  File "/Users/guthrie/Development/c2/myenv/lib/python3.7/site-packages/django/db/backends/postgresql/base.py", line 187, in get_new_connection
    connection = Database.connect(**conn_params)
  File "/Users/guthrie/Development/c2/myenv/lib/python3.7/site-packages/psycopg2/__init__.py", line 126, in connect
    conn = _connect(dsn, connection_factory=connection_factory, **kwasync)
django.db.utils.OperationalError: FATAL:  database "test" does not exist


Watching for file changes with StatReloader
Exception in thread django-main-thread:
Traceback (most recent call last):
  File "/Users/guthrie/Development/c2/myenv/lib/python3.7/site-packages/django/db/backends/base/base.py", line 219, in ensure_connection
    self.connect()
  File "/Users/guthrie/Development/c2/myenv/lib/python3.7/site-packages/django/utils/asyncio.py", line 26, in inner
    return func(*args, **kwargs)
  File "/Users/guthrie/Development/c2/myenv/lib/python3.7/site-packages/django/db/backends/base/base.py", line 200, in connect
    self.connection = self.get_new_connection(conn_params)
  File "/Users/guthrie/Development/c2/myenv/lib/python3.7/site-packages/django/utils/asyncio.py", line 26, in inner
    return func(*args, **kwargs)
  File "/Users/guthrie/Development/c2/myenv/lib/python3.7/site-packages/django/db/backends/postgresql/base.py", line 187, in get_new_connection
    connection = Database.connect(**conn_params)
  File "/Users/guthrie/Development/c2/myenv/lib/python3.7/site-packages/psycopg2/__init__.py", line 126, in connect
    conn = _connect(dsn, connection_factory=connection_factory, **kwasync)
psycopg2.OperationalError: FATAL:  database "test" does not exist


The above exception was the direct cause of the following exception:

Traceback (most recent call last):
  File "/Library/Frameworks/Python.framework/Versions/3.7/lib/python3.7/threading.py", line 917, in _bootstrap_inner
    self.run()
  File "/Library/Frameworks/Python.framework/Versions/3.7/lib/python3.7/threading.py", line 865, in run
    self._target(*self._args, **self._kwargs)
  File "/Users/guthrie/Development/c2/myenv/lib/python3.7/site-packages/django/utils/autoreload.py", line 64, in wrapper
    fn(*args, **kwargs)
  File "/Users/guthrie/Development/c2/myenv/lib/python3.7/site-packages/django/core/management/commands/runserver.py", line 110, in inner_run
    autoreload.raise_last_exception()
  File "/Users/guthrie/Development/c2/myenv/lib/python3.7/site-packages/django/utils/autoreload.py", line 87, in raise_last_exception
    raise _exception[1]
  File "/Users/guthrie/Development/c2/myenv/lib/python3.7/site-packages/django/core/management/__init__.py", line 375, in execute
    autoreload.check_errors(django.setup)()
  File "/Users/guthrie/Development/c2/myenv/lib/python3.7/site-packages/django/utils/autoreload.py", line 64, in wrapper
    fn(*args, **kwargs)
  File "/Users/guthrie/Development/c2/myenv/lib/python3.7/site-packages/django/__init__.py", line 24, in setup
    apps.populate(settings.INSTALLED_APPS)
  File "/Users/guthrie/Development/c2/myenv/lib/python3.7/site-packages/django/apps/registry.py", line 122, in populate
    app_config.ready()
  File "/Users/guthrie/Development/c2/cobalt/notifications/apps.py", line 25, in ready
    EmailThread.objects.all().delete()
  File "/Users/guthrie/Development/c2/myenv/lib/python3.7/site-packages/django/db/models/query.py", line 746, in delete
    deleted, _rows_count = collector.delete()
  File "/Users/guthrie/Development/c2/myenv/lib/python3.7/site-packages/django/db/models/deletion.py", line 400, in delete
    with transaction.atomic(using=self.using, savepoint=False):
  File "/Users/guthrie/Development/c2/myenv/lib/python3.7/site-packages/django/db/transaction.py", line 189, in __enter__
    if not connection.get_autocommit():
  File "/Users/guthrie/Development/c2/myenv/lib/python3.7/site-packages/django/db/backends/base/base.py", line 389, in get_autocommit
    self.ensure_connection()
  File "/Users/guthrie/Development/c2/myenv/lib/python3.7/site-packages/django/utils/asyncio.py", line 26, in inner
    return func(*args, **kwargs)
  File "/Users/guthrie/Development/c2/myenv/lib/python3.7/site-packages/django/db/backends/base/base.py", line 219, in ensure_connection
    self.connect()
  File "/Users/guthrie/Development/c2/myenv/lib/python3.7/site-packages/django/db/utils.py", line 90, in __exit__
    raise dj_exc_value.with_traceback(traceback) from exc_value
  File "/Users/guthrie/Development/c2/myenv/lib/python3.7/site-packages/django/db/backends/base/base.py", line 219, in ensure_connection
    self.connect()
  File "/Users/guthrie/Development/c2/myenv/lib/python3.7/site-packages/django/utils/asyncio.py", line 26, in inner
    return func(*args, **kwargs)
  File "/Users/guthrie/Development/c2/myenv/lib/python3.7/site-packages/django/db/backends/base/base.py", line 200, in connect
    self.connection = self.get_new_connection(conn_params)
  File "/Users/guthrie/Development/c2/myenv/lib/python3.7/site-packages/django/utils/asyncio.py", line 26, in inner
    return func(*args, **kwargs)
  File "/Users/guthrie/Development/c2/myenv/lib/python3.7/site-packages/django/db/backends/postgresql/base.py", line 187, in get_new_connection
    connection = Database.connect(**conn_params)
  File "/Users/guthrie/Development/c2/myenv/lib/python3.7/site-packages/psycopg2/__init__.py", line 126, in connect
    conn = _connect(dsn, connection_factory=connection_factory, **kwasync)
django.db.utils.OperationalError: FATAL:  database "test" does not exist


Watching for file changes with StatReloader
Performing system checks...

System check identified no issues (0 silenced).
August 05, 2021 - 20:14:07
Django version 3.2.4, using settings 'cobalt.settings'
Starting development server at http://0.0.0.0:8088/
Quit the server with CONTROL-C.
Watching for file changes with StatReloader
Performing system checks...

System check identified no issues (0 silenced).
August 06, 2021 - 04:06:32
Django version 3.2.4, using settings 'cobalt.settings'
Starting development server at http://0.0.0.0:8088/
Quit the server with CONTROL-C.
Watching for file changes with StatReloader
Exception in thread django-main-thread:
Traceback (most recent call last):
  File "/Users/upstud/Development/c2/myenv/lib/python3.7/site-packages/django/db/backends/base/base.py", line 219, in ensure_connection
    self.connect()
  File "/Users/upstud/Development/c2/myenv/lib/python3.7/site-packages/django/utils/asyncio.py", line 26, in inner
    return func(*args, **kwargs)
  File "/Users/upstud/Development/c2/myenv/lib/python3.7/site-packages/django/db/backends/base/base.py", line 200, in connect
    self.connection = self.get_new_connection(conn_params)
  File "/Users/upstud/Development/c2/myenv/lib/python3.7/site-packages/django/utils/asyncio.py", line 26, in inner
    return func(*args, **kwargs)
  File "/Users/upstud/Development/c2/myenv/lib/python3.7/site-packages/django/db/backends/postgresql/base.py", line 187, in get_new_connection
    connection = Database.connect(**conn_params)
  File "/Users/upstud/Development/c2/myenv/lib/python3.7/site-packages/psycopg2/__init__.py", line 127, in connect
    conn = _connect(dsn, connection_factory=connection_factory, **kwasync)
psycopg2.OperationalError: FATAL:  database "test" does not exist


The above exception was the direct cause of the following exception:

Traceback (most recent call last):
  File "/Library/Frameworks/Python.framework/Versions/3.7/lib/python3.7/threading.py", line 926, in _bootstrap_inner
    self.run()
  File "/Library/Frameworks/Python.framework/Versions/3.7/lib/python3.7/threading.py", line 870, in run
    self._target(*self._args, **self._kwargs)
  File "/Users/upstud/Development/c2/myenv/lib/python3.7/site-packages/django/utils/autoreload.py", line 64, in wrapper
    fn(*args, **kwargs)
  File "/Users/upstud/Development/c2/myenv/lib/python3.7/site-packages/django/core/management/commands/runserver.py", line 110, in inner_run
    autoreload.raise_last_exception()
  File "/Users/upstud/Development/c2/myenv/lib/python3.7/site-packages/django/utils/autoreload.py", line 87, in raise_last_exception
    raise _exception[1]
  File "/Users/upstud/Development/c2/myenv/lib/python3.7/site-packages/django/core/management/__init__.py", line 375, in execute
    autoreload.check_errors(django.setup)()
  File "/Users/upstud/Development/c2/myenv/lib/python3.7/site-packages/django/utils/autoreload.py", line 64, in wrapper
    fn(*args, **kwargs)
  File "/Users/upstud/Development/c2/myenv/lib/python3.7/site-packages/django/__init__.py", line 24, in setup
    apps.populate(settings.INSTALLED_APPS)
  File "/Users/upstud/Development/c2/myenv/lib/python3.7/site-packages/django/apps/registry.py", line 122, in populate
    app_config.ready()
  File "/Users/upstud/Development/c2/cobalt/notifications/apps.py", line 25, in ready
    EmailThread.objects.all().delete()
  File "/Users/upstud/Development/c2/myenv/lib/python3.7/site-packages/django/db/models/query.py", line 746, in delete
    deleted, _rows_count = collector.delete()
  File "/Users/upstud/Development/c2/myenv/lib/python3.7/site-packages/django/db/models/deletion.py", line 400, in delete
    with transaction.atomic(using=self.using, savepoint=False):
  File "/Users/upstud/Development/c2/myenv/lib/python3.7/site-packages/django/db/transaction.py", line 189, in __enter__
    if not connection.get_autocommit():
  File "/Users/upstud/Development/c2/myenv/lib/python3.7/site-packages/django/db/backends/base/base.py", line 389, in get_autocommit
    self.ensure_connection()
  File "/Users/upstud/Development/c2/myenv/lib/python3.7/site-packages/django/utils/asyncio.py", line 26, in inner
    return func(*args, **kwargs)
  File "/Users/upstud/Development/c2/myenv/lib/python3.7/site-packages/django/db/backends/base/base.py", line 219, in ensure_connection
    self.connect()
  File "/Users/upstud/Development/c2/myenv/lib/python3.7/site-packages/django/db/utils.py", line 90, in __exit__
    raise dj_exc_value.with_traceback(traceback) from exc_value
  File "/Users/upstud/Development/c2/myenv/lib/python3.7/site-packages/django/db/backends/base/base.py", line 219, in ensure_connection
    self.connect()
  File "/Users/upstud/Development/c2/myenv/lib/python3.7/site-packages/django/utils/asyncio.py", line 26, in inner
    return func(*args, **kwargs)
  File "/Users/upstud/Development/c2/myenv/lib/python3.7/site-packages/django/db/backends/base/base.py", line 200, in connect
    self.connection = self.get_new_connection(conn_params)
  File "/Users/upstud/Development/c2/myenv/lib/python3.7/site-packages/django/utils/asyncio.py", line 26, in inner
    return func(*args, **kwargs)
  File "/Users/upstud/Development/c2/myenv/lib/python3.7/site-packages/django/db/backends/postgresql/base.py", line 187, in get_new_connection
    connection = Database.connect(**conn_params)
  File "/Users/upstud/Development/c2/myenv/lib/python3.7/site-packages/psycopg2/__init__.py", line 127, in connect
    conn = _connect(dsn, connection_factory=connection_factory, **kwasync)
django.db.utils.OperationalError: FATAL:  database "test" does not exist


Watching for file changes with StatReloader
Performing system checks...

System check identified no issues (0 silenced).
August 06, 2021 - 11:51:39
Django version 3.2.4, using settings 'cobalt.settings'
Starting development server at http://0.0.0.0:8088/
Quit the server with CONTROL-C.
Watching for file changes with StatReloader
Performing system checks...

System check identified no issues (0 silenced).
August 06, 2021 - 11:53:50
Django version 3.2.4, using settings 'cobalt.settings'
Starting development server at http://0.0.0.0:8088/
Quit the server with CONTROL-C.
Watching for file changes with StatReloader
Performing system checks...

System check identified no issues (0 silenced).
August 06, 2021 - 21:08:14
Django version 3.2.4, using settings 'cobalt.settings'
Starting development server at http://0.0.0.0:8088/
Quit the server with CONTROL-C.
Watching for file changes with StatReloader
Performing system checks...

System check identified no issues (0 silenced).
August 06, 2021 - 21:16:36
Django version 3.2.4, using settings 'cobalt.settings'
Starting development server at http://0.0.0.0:8088/
Quit the server with CONTROL-C.
[06/Aug/2021 21:18:07] "GET /accounts/login HTTP/1.1" 301 0
[06/Aug/2021 21:18:07] "GET /accounts/login/ HTTP/1.1" 200 5828
[06/Aug/2021 21:18:07] "GET /static/assets/css/cobalt.css HTTP/1.1" 200 1840
[06/Aug/2021 21:18:07] "GET /static/assets/js/core/popper.min.js HTTP/1.1" 200 33477
[06/Aug/2021 21:18:07] "GET /static/assets/js/core/bootstrap-material-design.min.js HTTP/1.1" 200 76652
[06/Aug/2021 21:18:07] "GET /static/assets/js/core/jquery.min.js HTTP/1.1" 200 145741
[06/Aug/2021 21:18:07] "GET /static/assets/css/material-dashboard.css?v=2.1.1 HTTP/1.1" 200 662666
[06/Aug/2021 21:18:07] "GET /static/assets/img/backgrounds/bg7.jpg HTTP/1.1" 200 101706
[06/Aug/2021 21:18:08] "GET /static/assets/img/favicon.png HTTP/1.1" 200 4109
[06/Aug/2021 21:18:08] "POST /accounts/login/ HTTP/1.1" 302 0
[06/Aug/2021 21:18:08] "GET /dashboard HTTP/1.1" 301 0
[06/Aug/2021 21:18:09] "GET /dashboard/ HTTP/1.1" 200 37944
[06/Aug/2021 21:18:09] "GET /static/assets/css/font-awesome.5.14/css/all.min.css HTTP/1.1" 200 58935
[06/Aug/2021 21:18:09] "GET /static/assets/js/plugins/perfect-scrollbar.jquery.min.js HTTP/1.1" 200 25332
[06/Aug/2021 21:18:09] "GET /static/assets/js/core/jquery-3.4.1.min.js HTTP/1.1" 200 88145
[06/Aug/2021 21:18:09] "GET /static/assets/js/jquery-validation-1.19.2/additional-methods.min.js HTTP/1.1" 200 22660
[06/Aug/2021 21:18:09] "GET /static/assets/js/jquery-validation-1.19.2/jquery.validate.min.js HTTP/1.1" 200 24443
[06/Aug/2021 21:18:09] "GET /static/assets/js/waypoints/jquery.waypoints.min.js HTTP/1.1" 200 9028
[06/Aug/2021 21:18:09] "GET /static/assets/js/waypoints/shortcuts/infinite.min.js HTTP/1.1" 200 1460
[06/Aug/2021 21:18:09] "GET /static/assets/js/countUp.2.0.7/countUp.umd.js HTTP/1.1" 200 10765
[06/Aug/2021 21:18:09] "GET /static/assets/js/material-dashboard-noscroll.js?v=2.1.1 HTTP/1.1" 200 21885
[06/Aug/2021 21:18:09] "GET /static/assets/js/polyfill.core-js.2.4.1.js HTTP/1.1" 200 238050
[06/Aug/2021 21:18:09] "GET /static/assets/img/abftechlogo.png HTTP/1.1" 200 120249
[06/Aug/2021 21:18:09] "GET /media/pic_folder/110.jpg HTTP/1.1" 200 500070
[06/Aug/2021 21:18:09] "GET /media/pic_folder/105.jpg HTTP/1.1" 200 296535
[06/Aug/2021 21:18:09] "GET /static/assets/img/slider.jpg HTTP/1.1" 200 18135
[06/Aug/2021 21:18:09] "GET /media/pic_folder/109.jpg HTTP/1.1" 200 602644
[06/Aug/2021 21:18:09] "GET /media/pic_folder/102.jpg HTTP/1.1" 200 624774
[06/Aug/2021 21:18:09] "GET /media/pic_folder/101.jpg HTTP/1.1" 200 570738
[06/Aug/2021 21:18:09] "GET /media/pic_folder/106.jpg HTTP/1.1" 200 470710
[06/Aug/2021 21:18:10] "GET /payments/setup-autotopup HTTP/1.1" 200 17745
[06/Aug/2021 21:18:10] "GET /static/payments/css/normalize.css HTTP/1.1" 200 6673
[06/Aug/2021 21:18:10] "GET /static/payments/css/stripe-global.css HTTP/1.1" 200 5673
[06/Aug/2021 21:18:10] "GET /static/assets/js/plugins/sweetalert2.js HTTP/1.1" 200 66425
[06/Aug/2021 21:18:10] "GET /static/payments/js/stripe-auto-script.js HTTP/1.1" 200 4190
[06/Aug/2021 21:18:10] "GET /static/assets/img/50.png HTTP/1.1" 200 30491
[06/Aug/2021 21:18:10] "GET /static/assets/img/100.png HTTP/1.1" 200 25638
[06/Aug/2021 21:18:10] "GET /static/assets/img/150.png HTTP/1.1" 200 30925
[06/Aug/2021 21:18:10] "GET /static/assets/img/200.png HTTP/1.1" 200 31389
Stripe auto intent successful
{
  "application": null,
  "cancellation_reason": null,
  "client_secret": "seti_1JLR44JWMUHj2yxkiEM2g5Jo_secret_JzPt2Fq4yPn3E0Q6bx2jNTzKYXBAQv3",
  "created": 1628248692,
  "customer": "cus_JzPtQn0wiUaxkq",
  "description": "Intent to set up auto pay by Alan Admin (ABF: 100)",
  "id": "seti_1JLR44JWMUHj2yxkiEM2g5Jo",
  "last_setup_error": null,
  "latest_attempt": null,
  "livemode": false,
  "mandate": null,
  "metadata": {
    "cobalt_member_id": "6",
    "cobalt_tran_type": "Auto"
  },
  "next_action": null,
  "object": "setup_intent",
  "on_behalf_of": null,
  "payment_method": null,
  "payment_method_options": {
    "card": {
      "request_three_d_secure": "automatic"
    }
  },
  "payment_method_types": [
    "card"
  ],
  "single_use_mandate": null,
  "status": "requires_payment_method",
  "usage": "off_session"
}
[06/Aug/2021 21:18:11] "POST /payments/create-payment-superintent HTTP/1.1" 200 152
Unexpected event found - customer.created
[06/Aug/2021 21:18:13] "POST /payments/stripe-webhook HTTP/1.1" 200 0
Unexpected event found - setup_intent.created
[06/Aug/2021 21:18:13] "POST /payments/stripe-webhook HTTP/1.1" 200 0
[06/Aug/2021 21:18:15] "GET /payments/stripe-autotopup-off HTTP/1.1" 200 2
Watching for file changes with StatReloader
Performing system checks...

System check identified no issues (0 silenced).
August 06, 2021 - 21:21:15
Django version 3.2.4, using settings 'cobalt.settings'
Starting development server at http://0.0.0.0:8088/
Quit the server with CONTROL-C.
[06/Aug/2021 21:21:18] "GET /accounts/login HTTP/1.1" 301 0
[06/Aug/2021 21:21:18] "GET /accounts/login/ HTTP/1.1" 200 5828
[06/Aug/2021 21:21:18] "GET /static/assets/css/cobalt.css HTTP/1.1" 200 1840
[06/Aug/2021 21:21:18] "GET /static/assets/js/core/popper.min.js HTTP/1.1" 200 33477
[06/Aug/2021 21:21:18] "GET /static/assets/js/core/bootstrap-material-design.min.js HTTP/1.1" 200 76652
[06/Aug/2021 21:21:18] "GET /static/assets/js/core/jquery.min.js HTTP/1.1" 200 145741
[06/Aug/2021 21:21:18] "GET /static/assets/css/material-dashboard.css?v=2.1.1 HTTP/1.1" 200 662666
[06/Aug/2021 21:21:18] "GET /static/assets/img/backgrounds/bg1.jpg HTTP/1.1" 200 184180
[06/Aug/2021 21:21:18] "GET /static/assets/img/favicon.png HTTP/1.1" 200 4109
[06/Aug/2021 21:21:19] "POST /accounts/login/ HTTP/1.1" 302 0
[06/Aug/2021 21:21:19] "GET /dashboard HTTP/1.1" 301 0
[06/Aug/2021 21:21:19] "GET /dashboard/ HTTP/1.1" 200 40801
[06/Aug/2021 21:21:19] "GET /static/assets/js/jquery-validation-1.19.2/jquery.validate.min.js HTTP/1.1" 200 24443
[06/Aug/2021 21:21:19] "GET /static/assets/js/jquery-validation-1.19.2/additional-methods.min.js HTTP/1.1" 200 22660
[06/Aug/2021 21:21:19] "GET /static/assets/js/plugins/perfect-scrollbar.jquery.min.js HTTP/1.1" 200 25332
[06/Aug/2021 21:21:19] "GET /static/assets/css/font-awesome.5.14/css/all.min.css HTTP/1.1" 200 58935
[06/Aug/2021 21:21:19] "GET /static/assets/js/core/jquery-3.4.1.min.js HTTP/1.1" 200 88145
[06/Aug/2021 21:21:19] "GET /static/assets/js/waypoints/jquery.waypoints.min.js HTTP/1.1" 200 9028
[06/Aug/2021 21:21:19] "GET /static/assets/js/waypoints/shortcuts/infinite.min.js HTTP/1.1" 200 1460
[06/Aug/2021 21:21:19] "GET /static/assets/js/material-dashboard-noscroll.js?v=2.1.1 HTTP/1.1" 200 21885
[06/Aug/2021 21:21:19] "GET /static/assets/js/countUp.2.0.7/countUp.umd.js HTTP/1.1" 200 10765
[06/Aug/2021 21:21:19] "GET /static/assets/img/abftechlogo.png HTTP/1.1" 200 120249
[06/Aug/2021 21:21:19] "GET /static/assets/js/polyfill.core-js.2.4.1.js HTTP/1.1" 200 238050
[06/Aug/2021 21:21:19] "GET /media/pic_folder/tba.png HTTP/1.1" 200 4646
[06/Aug/2021 21:21:19] "GET /media/pic_folder/103.jpg HTTP/1.1" 200 426654
[06/Aug/2021 21:21:20] "GET /media/pic_folder/104.jpg HTTP/1.1" 200 697697
[06/Aug/2021 21:21:20] "GET /media/pic_folder/101.jpg HTTP/1.1" 200 570738
[06/Aug/2021 21:21:20] "GET /media/pic_folder/106.jpg HTTP/1.1" 200 470710
[06/Aug/2021 21:21:20] "GET /static/assets/img/slider.jpg HTTP/1.1" 200 18135
[06/Aug/2021 21:21:21] "GET /payments/setup-autotopup HTTP/1.1" 200 18934
[06/Aug/2021 21:21:21] "GET /static/payments/css/stripe-global.css HTTP/1.1" 200 5673
[06/Aug/2021 21:21:21] "GET /static/payments/css/normalize.css HTTP/1.1" 200 6673
[06/Aug/2021 21:21:21] "GET /static/assets/js/plugins/sweetalert2.js HTTP/1.1" 200 66425
[06/Aug/2021 21:21:21] "GET /static/payments/js/stripe-auto-script.js HTTP/1.1" 200 4190
[06/Aug/2021 21:21:21] "GET /static/assets/img/50.png HTTP/1.1" 200 30491
[06/Aug/2021 21:21:21] "GET /static/assets/img/150.png HTTP/1.1" 200 30925
[06/Aug/2021 21:21:21] "GET /static/assets/img/100.png HTTP/1.1" 200 25638
[06/Aug/2021 21:21:21] "GET /static/assets/img/200.png HTTP/1.1" 200 31389
Stripe auto intent successful
{
  "application": null,
  "cancellation_reason": null,
  "client_secret": "seti_1JLR79JWMUHj2yxkdGf4rx0d_secret_JzPxW1pddi83tYneDxZIiKqEG8DuQeY",
  "created": 1628248883,
  "customer": "cus_JzPxD6NKUUAnHu",
  "description": "Intent to set up auto pay by Alan Admin (ABF: 100)",
  "id": "seti_1JLR79JWMUHj2yxkdGf4rx0d",
  "last_setup_error": null,
  "latest_attempt": null,
  "livemode": false,
  "mandate": null,
  "metadata": {
    "cobalt_member_id": "6",
    "cobalt_tran_type": "Auto"
  },
  "next_action": null,
  "object": "setup_intent",
  "on_behalf_of": null,
  "payment_method": null,
  "payment_method_options": {
    "card": {
      "request_three_d_secure": "automatic"
    }
  },
  "payment_method_types": [
    "card"
  ],
  "single_use_mandate": null,
  "status": "requires_payment_method",
  "usage": "off_session"
}
[06/Aug/2021 21:21:22] "POST /payments/create-payment-superintent HTTP/1.1" 200 152
[06/Aug/2021 21:21:25] "GET /payments/stripe-autotopup-off HTTP/1.1" 200 2
Watching for file changes with StatReloader
Performing system checks...

System check identified no issues (0 silenced).
August 06, 2021 - 21:22:51
Django version 3.2.4, using settings 'cobalt.settings'
Starting development server at http://0.0.0.0:8088/
Quit the server with CONTROL-C.
[06/Aug/2021 21:22:54] "GET /accounts/login HTTP/1.1" 301 0
[06/Aug/2021 21:22:54] "GET /accounts/login/ HTTP/1.1" 200 5828
[06/Aug/2021 21:22:54] "GET /static/assets/css/cobalt.css HTTP/1.1" 200 1840
[06/Aug/2021 21:22:54] "GET /static/assets/js/core/popper.min.js HTTP/1.1" 200 33477
[06/Aug/2021 21:22:54] "GET /static/assets/js/core/bootstrap-material-design.min.js HTTP/1.1" 200 76652
[06/Aug/2021 21:22:54] "GET /static/assets/js/core/jquery.min.js HTTP/1.1" 200 145741
[06/Aug/2021 21:22:54] "GET /static/assets/css/material-dashboard.css?v=2.1.1 HTTP/1.1" 200 662666
[06/Aug/2021 21:22:54] "GET /static/assets/img/backgrounds/bg10.jpg HTTP/1.1" 200 495949
[06/Aug/2021 21:22:54] "GET /static/assets/img/favicon.png HTTP/1.1" 200 4109
[06/Aug/2021 21:22:55] "POST /accounts/login/ HTTP/1.1" 302 0
[06/Aug/2021 21:22:55] "GET /dashboard HTTP/1.1" 301 0
[06/Aug/2021 21:22:55] "GET /dashboard/ HTTP/1.1" 200 40846
[06/Aug/2021 21:22:55] "GET /static/assets/css/font-awesome.5.14/css/all.min.css HTTP/1.1" 200 58935
[06/Aug/2021 21:22:55] "GET /static/assets/js/core/jquery-3.4.1.min.js HTTP/1.1" 200 88145
[06/Aug/2021 21:22:55] "GET /static/assets/js/jquery-validation-1.19.2/jquery.validate.min.js HTTP/1.1" 200 24443
[06/Aug/2021 21:22:55] "GET /static/assets/js/plugins/perfect-scrollbar.jquery.min.js HTTP/1.1" 200 25332
[06/Aug/2021 21:22:55] "GET /static/assets/js/jquery-validation-1.19.2/additional-methods.min.js HTTP/1.1" 200 22660
[06/Aug/2021 21:22:56] "GET /static/assets/js/waypoints/jquery.waypoints.min.js HTTP/1.1" 200 9028
[06/Aug/2021 21:22:56] "GET /static/assets/js/material-dashboard-noscroll.js?v=2.1.1 HTTP/1.1" 200 21885
[06/Aug/2021 21:22:56] "GET /static/assets/js/countUp.2.0.7/countUp.umd.js HTTP/1.1" 200 10765
[06/Aug/2021 21:22:56] "GET /static/assets/js/waypoints/shortcuts/infinite.min.js HTTP/1.1" 200 1460
[06/Aug/2021 21:22:56] "GET /static/assets/js/polyfill.core-js.2.4.1.js HTTP/1.1" 200 238050
[06/Aug/2021 21:22:56] "GET /static/assets/img/abftechlogo.png HTTP/1.1" 200 120249
[06/Aug/2021 21:22:56] "GET /media/pic_folder/106.jpg HTTP/1.1" 200 470710
[06/Aug/2021 21:22:56] "GET /media/pic_folder/tba.png HTTP/1.1" 200 4646
[06/Aug/2021 21:22:56] "GET /media/pic_folder/103.jpg HTTP/1.1" 200 426654
[06/Aug/2021 21:22:56] "GET /media/pic_folder/101.jpg HTTP/1.1" 200 570738
[06/Aug/2021 21:22:56] "GET /media/pic_folder/julian.jpg HTTP/1.1" 200 746326
[06/Aug/2021 21:22:56] "GET /media/pic_folder/109.jpg HTTP/1.1" 200 602644
[06/Aug/2021 21:22:56] "GET /static/assets/img/slider.jpg HTTP/1.1" 200 18135
[06/Aug/2021 21:22:56] "GET /media/pic_folder/108.jpg HTTP/1.1" 200 3807919
[06/Aug/2021 21:22:57] "GET /payments/setup-autotopup HTTP/1.1" 200 18934
[06/Aug/2021 21:22:57] "GET /static/payments/css/normalize.css HTTP/1.1" 200 6673
[06/Aug/2021 21:22:57] "GET /static/payments/css/stripe-global.css HTTP/1.1" 200 5673
[06/Aug/2021 21:22:57] "GET /static/assets/js/plugins/sweetalert2.js HTTP/1.1" 200 66425
[06/Aug/2021 21:22:57] "GET /static/payments/js/stripe-auto-script.js HTTP/1.1" 200 4190
[06/Aug/2021 21:22:57] "GET /static/assets/img/50.png HTTP/1.1" 200 30491
[06/Aug/2021 21:22:57] "GET /static/assets/img/100.png HTTP/1.1" 200 25638
[06/Aug/2021 21:22:57] "GET /static/assets/img/150.png HTTP/1.1" 200 30925
[06/Aug/2021 21:22:57] "GET /static/assets/img/200.png HTTP/1.1" 200 31389
Unexpected event found - customer.created
[06/Aug/2021 21:22:57] "POST /payments/stripe-webhook HTTP/1.1" 200 0
Stripe auto intent successful
{
  "application": null,
  "cancellation_reason": null,
  "client_secret": "seti_1JLR8hJWMUHj2yxkPzm1Bb4K_secret_JzPyW4pZmITDAqvxmP6HyZmFZbFR7dQ",
  "created": 1628248979,
  "customer": "cus_JzPyNLZF0z4OwL",
  "description": "Intent to set up auto pay by Alan Admin (ABF: 100)",
  "id": "seti_1JLR8hJWMUHj2yxkPzm1Bb4K",
  "last_setup_error": null,
  "latest_attempt": null,
  "livemode": false,
  "mandate": null,
  "metadata": {
    "cobalt_member_id": "6",
    "cobalt_tran_type": "Auto"
  },
  "next_action": null,
  "object": "setup_intent",
  "on_behalf_of": null,
  "payment_method": null,
  "payment_method_options": {
    "card": {
      "request_three_d_secure": "automatic"
    }
  },
  "payment_method_types": [
    "card"
  ],
  "single_use_mandate": null,
  "status": "requires_payment_method",
  "usage": "off_session"
}
[06/Aug/2021 21:22:58] "POST /payments/create-payment-superintent HTTP/1.1" 200 152
Unexpected event found - setup_intent.created
[06/Aug/2021 21:22:58] "POST /payments/stripe-webhook HTTP/1.1" 200 0
[06/Aug/2021 21:23:02] "GET /payments/stripe-autotopup-off HTTP/1.1" 200 2
[06/Aug/2021 21:24:39] "GET /accounts/login HTTP/1.1" 301 0
[06/Aug/2021 21:24:39] "GET /accounts/login/ HTTP/1.1" 200 5828
[06/Aug/2021 21:24:39] "GET /static/assets/css/cobalt.css HTTP/1.1" 200 1840
[06/Aug/2021 21:24:39] "GET /static/assets/js/core/bootstrap-material-design.min.js HTTP/1.1" 200 76652
[06/Aug/2021 21:24:39] "GET /static/assets/js/core/popper.min.js HTTP/1.1" 200 33477
[06/Aug/2021 21:24:39] "GET /static/assets/js/core/jquery.min.js HTTP/1.1" 200 145741
[06/Aug/2021 21:24:39] "GET /static/assets/css/material-dashboard.css?v=2.1.1 HTTP/1.1" 200 662666
[06/Aug/2021 21:24:39] "GET /static/assets/img/backgrounds/bg2.jpg HTTP/1.1" 200 666573
[06/Aug/2021 21:24:39] "GET /static/assets/img/favicon.png HTTP/1.1" 200 4109
[06/Aug/2021 21:24:40] "POST /accounts/login/ HTTP/1.1" 302 0
[06/Aug/2021 21:24:40] "GET /dashboard HTTP/1.1" 301 0
[06/Aug/2021 21:24:40] "GET /dashboard/ HTTP/1.1" 200 42016
[06/Aug/2021 21:24:40] "GET /static/assets/js/core/jquery-3.4.1.min.js HTTP/1.1" 200 88145
[06/Aug/2021 21:24:40] "GET /static/assets/js/jquery-validation-1.19.2/jquery.validate.min.js HTTP/1.1" 200 24443
[06/Aug/2021 21:24:40] "GET /static/assets/js/plugins/perfect-scrollbar.jquery.min.js HTTP/1.1" 200 25332
[06/Aug/2021 21:24:40] "GET /static/assets/js/jquery-validation-1.19.2/additional-methods.min.js HTTP/1.1" 200 22660
[06/Aug/2021 21:24:40] "GET /static/assets/css/font-awesome.5.14/css/all.min.css HTTP/1.1" 200 58935
[06/Aug/2021 21:24:41] "GET /static/assets/js/waypoints/shortcuts/infinite.min.js HTTP/1.1" 200 1460
[06/Aug/2021 21:24:41] "GET /static/assets/js/waypoints/jquery.waypoints.min.js HTTP/1.1" 200 9028
[06/Aug/2021 21:24:41] "GET /static/assets/js/material-dashboard-noscroll.js?v=2.1.1 HTTP/1.1" 200 21885
[06/Aug/2021 21:24:41] "GET /static/assets/js/polyfill.core-js.2.4.1.js HTTP/1.1" 200 238050
[06/Aug/2021 21:24:41] "GET /static/assets/img/abftechlogo.png HTTP/1.1" 200 120249
[06/Aug/2021 21:24:41] "GET /static/assets/js/countUp.2.0.7/countUp.umd.js HTTP/1.1" 200 10765
[06/Aug/2021 21:24:41] "GET /media/pic_folder/tba.png HTTP/1.1" 200 4646
[06/Aug/2021 21:24:41] "GET /media/pic_folder/106.jpg HTTP/1.1" 200 470710
[06/Aug/2021 21:24:41] "GET /media/pic_folder/101.jpg HTTP/1.1" 200 570738
[06/Aug/2021 21:24:41] "GET /media/pic_folder/julian.jpg HTTP/1.1" 200 746326
[06/Aug/2021 21:24:41] "GET /media/pic_folder/103.jpg HTTP/1.1" 200 426654
[06/Aug/2021 21:24:41] "GET /media/pic_folder/109.jpg HTTP/1.1" 200 602644
[06/Aug/2021 21:24:41] "GET /static/assets/img/slider.jpg HTTP/1.1" 200 18135
[06/Aug/2021 21:24:41] "GET /media/pic_folder/108.jpg HTTP/1.1" 200 3807919
[06/Aug/2021 21:24:42] "GET /payments/setup-autotopup HTTP/1.1" 200 18934
[06/Aug/2021 21:24:42] "GET /static/payments/css/normalize.css HTTP/1.1" 200 6673
[06/Aug/2021 21:24:42] "GET /static/payments/css/stripe-global.css HTTP/1.1" 200 5673
[06/Aug/2021 21:24:42] "GET /static/assets/js/plugins/sweetalert2.js HTTP/1.1" 200 66425
[06/Aug/2021 21:24:42] "GET /static/payments/js/stripe-auto-script.js HTTP/1.1" 200 4190
[06/Aug/2021 21:24:42] "GET /static/assets/img/50.png HTTP/1.1" 200 30491
[06/Aug/2021 21:24:42] "GET /static/assets/img/100.png HTTP/1.1" 200 25638
[06/Aug/2021 21:24:42] "GET /static/assets/img/150.png HTTP/1.1" 200 30925
[06/Aug/2021 21:24:42] "GET /static/assets/img/200.png HTTP/1.1" 200 31389
Unexpected event found - customer.created
[06/Aug/2021 21:24:42] "POST /payments/stripe-webhook HTTP/1.1" 200 0
Stripe auto intent successful
{
  "application": null,
  "cancellation_reason": null,
  "client_secret": "seti_1JLRAOJWMUHj2yxkwhVFzHxT_secret_JzQ05pE29Yr2LV4zOEITUyoD4XmcDRJ",
  "created": 1628249084,
  "customer": "cus_JzQ019Id1Uc3WL",
  "description": "Intent to set up auto pay by Alan Admin (ABF: 100)",
  "id": "seti_1JLRAOJWMUHj2yxkwhVFzHxT",
  "last_setup_error": null,
  "latest_attempt": null,
  "livemode": false,
  "mandate": null,
  "metadata": {
    "cobalt_member_id": "6",
    "cobalt_tran_type": "Auto"
  },
  "next_action": null,
  "object": "setup_intent",
  "on_behalf_of": null,
  "payment_method": null,
  "payment_method_options": {
    "card": {
      "request_three_d_secure": "automatic"
    }
  },
  "payment_method_types": [
    "card"
  ],
  "single_use_mandate": null,
  "status": "requires_payment_method",
  "usage": "off_session"
}
[06/Aug/2021 21:24:43] "POST /payments/create-payment-superintent HTTP/1.1" 200 152
Unexpected event found - setup_intent.created
[06/Aug/2021 21:24:43] "POST /payments/stripe-webhook HTTP/1.1" 200 0
[06/Aug/2021 21:24:47] "GET /payments/stripe-autotopup-off HTTP/1.1" 200 2
[06/Aug/2021 21:24:48] "GET /payments/stripe-autotopup-confirm HTTP/1.1" 200 2
[06/Aug/2021 21:24:49] "POST /payments/stripe-webhook HTTP/1.1" 200 0
Unexpected event found - setup_intent.succeeded
[06/Aug/2021 21:24:51] "POST /payments/stripe-webhook HTTP/1.1" 200 0
[06/Aug/2021 21:25:41] "GET / HTTP/1.1" 302 0
[06/Aug/2021 21:25:41] "GET /view HTTP/1.1" 200 3774
[06/Aug/2021 21:25:41] "GET /static/assets/css/juliette.css HTTP/1.1" 200 5701
[06/Aug/2021 21:25:41] "GET /static/assets/img/favicon.png HTTP/1.1" 200 4109
[06/Aug/2021 21:25:41] "GET /static/assets/css/animate.4.0.0/animate.min.css HTTP/1.1" 200 71752
[06/Aug/2021 21:25:41] "GET /static/assets/img/cards.jpg HTTP/1.1" 200 128478
[06/Aug/2021 21:25:44] "GET /dashboard/ HTTP/1.1" 302 0
[06/Aug/2021 21:25:44] "GET /accounts/login/?next=/dashboard/ HTTP/1.1" 200 5828
[06/Aug/2021 21:25:44] "GET /static/assets/css/cobalt.css HTTP/1.1" 200 1840
[06/Aug/2021 21:25:44] "GET /static/assets/css/material-dashboard.css?v=2.1.1 HTTP/1.1" 200 662666
[06/Aug/2021 21:25:44] "GET /static/assets/js/core/jquery.min.js HTTP/1.1" 200 145741
[06/Aug/2021 21:25:44] "GET /static/assets/js/core/popper.min.js HTTP/1.1" 200 33477
[06/Aug/2021 21:25:44] "GET /static/assets/js/core/bootstrap-material-design.min.js HTTP/1.1" 200 76652
[06/Aug/2021 21:25:44] "GET /static/assets/img/backgrounds/bg5.jpg HTTP/1.1" 200 778159
[06/Aug/2021 21:25:52] "POST /accounts/login/?next=/dashboard/ HTTP/1.1" 302 0
[06/Aug/2021 21:25:52] "GET /dashboard/ HTTP/1.1" 200 38181
[06/Aug/2021 21:25:52] "GET /static/assets/js/core/jquery-3.4.1.min.js HTTP/1.1" 200 88145
[06/Aug/2021 21:25:52] "GET /static/assets/css/font-awesome.5.14/css/all.min.css HTTP/1.1" 200 58935
[06/Aug/2021 21:25:52] "GET /static/assets/js/plugins/perfect-scrollbar.jquery.min.js HTTP/1.1" 200 25332
[06/Aug/2021 21:25:52] "GET /static/assets/js/jquery-validation-1.19.2/jquery.validate.min.js HTTP/1.1" 200 24443
[06/Aug/2021 21:25:52] "GET /static/assets/js/jquery-validation-1.19.2/additional-methods.min.js HTTP/1.1" 200 22660
[06/Aug/2021 21:25:52] "GET /static/assets/js/waypoints/shortcuts/infinite.min.js HTTP/1.1" 200 1460
[06/Aug/2021 21:25:52] "GET /static/assets/js/waypoints/jquery.waypoints.min.js HTTP/1.1" 200 9028
[06/Aug/2021 21:25:52] "GET /static/assets/js/countUp.2.0.7/countUp.umd.js HTTP/1.1" 200 10765
[06/Aug/2021 21:25:52] "GET /static/assets/img/abftechlogo.png HTTP/1.1" 200 120249
[06/Aug/2021 21:25:52] "GET /static/assets/js/polyfill.core-js.2.4.1.js HTTP/1.1" 200 238050
[06/Aug/2021 21:25:52] "GET /static/assets/js/material-dashboard-noscroll.js?v=2.1.1 HTTP/1.1" 200 21885
[06/Aug/2021 21:25:52] "GET /media/pic_folder/106.jpg HTTP/1.1" 200 470710
[06/Aug/2021 21:25:52] "GET /static/assets/img/slider.jpg HTTP/1.1" 200 18135
[06/Aug/2021 21:25:52] "GET /media/pic_folder/tba.png HTTP/1.1" 200 4646
[06/Aug/2021 21:25:52] "GET /media/pic_folder/julian.jpg HTTP/1.1" 200 746326
[06/Aug/2021 21:25:52] "GET /media/pic_folder/103.jpg HTTP/1.1" 200 426654
[06/Aug/2021 21:25:52] "GET /media/pic_folder/101.jpg HTTP/1.1" 200 570738
[06/Aug/2021 21:25:52] "GET /media/pic_folder/109.jpg HTTP/1.1" 200 602644
[06/Aug/2021 21:25:59] "GET /accounts/logout HTTP/1.1" 301 0
[06/Aug/2021 21:25:59] "GET /accounts/logout/ HTTP/1.1" 302 0
[06/Aug/2021 21:25:59] "GET / HTTP/1.1" 302 0
[06/Aug/2021 21:25:59] "GET /view HTTP/1.1" 200 3774
[06/Aug/2021 21:26:01] "GET /dashboard/ HTTP/1.1" 302 0
[06/Aug/2021 21:26:01] "GET /accounts/login/?next=/dashboard/ HTTP/1.1" 200 5828
[06/Aug/2021 21:26:01] "GET /static/assets/img/backgrounds/bg8.jpg HTTP/1.1" 200 342441
[06/Aug/2021 21:26:09] "POST /accounts/login/?next=/dashboard/ HTTP/1.1" 302 0
[06/Aug/2021 21:26:09] "GET /dashboard/ HTTP/1.1" 200 42030
[06/Aug/2021 21:26:09] "GET /media/pic_folder/106.jpg HTTP/1.1" 200 470710
[06/Aug/2021 21:26:09] "GET /media/pic_folder/julian.jpg HTTP/1.1" 200 746326
[06/Aug/2021 21:26:09] "GET /media/pic_folder/103.jpg HTTP/1.1" 200 426654
[06/Aug/2021 21:26:09] "GET /media/pic_folder/tba.png HTTP/1.1" 200 4646
[06/Aug/2021 21:26:09] "GET /media/pic_folder/101.jpg HTTP/1.1" 200 570738
[06/Aug/2021 21:26:09] "GET /media/pic_folder/109.jpg HTTP/1.1" 200 602644
[06/Aug/2021 21:26:10] "GET /media/pic_folder/108.jpg HTTP/1.1" 200 3807919
[06/Aug/2021 21:26:13] "GET /payments HTTP/1.1" 301 0
[06/Aug/2021 21:26:13] "GET /payments/ HTTP/1.1" 200 29782
[06/Aug/2021 21:26:13] "GET /static/assets/css/bootstrap4-toggle.min.css HTTP/1.1" 200 2795
[06/Aug/2021 21:26:13] "GET /static/assets/js/bootstrap4-toggle.min.js HTTP/1.1" 200 4431
[06/Aug/2021 21:26:13] "GET /static/assets/js/plugins/sweetalert2.js HTTP/1.1" 200 66425
[06/Aug/2021 21:26:28] "GET /payments/member-transfer HTTP/1.1" 200 21517
[06/Aug/2021 21:26:31] "GET /accounts/detail-ajax?member_id=7 HTTP/1.1" 200 521
active threads 0
[06/Aug/2021 21:26:40] "POST /payments/member-transfer HTTP/1.1" 302 0
Unexpected event found - charge.succeeded
[06/Aug/2021 21:26:40] "POST /payments/stripe-webhook HTTP/1.1" 200 0
[06/Aug/2021 21:26:40] "GET /dashboard/ HTTP/1.1" 200 43023
Unexpected event found - payment_intent.succeeded
[06/Aug/2021 21:26:40] "POST /payments/stripe-webhook HTTP/1.1" 200 0
Unexpected event found - payment_intent.created
[06/Aug/2021 21:26:40] "POST /payments/stripe-webhook HTTP/1.1" 200 0
Sent email to m@rkguthrie.com
Watching for file changes with StatReloader
Performing system checks...

System check identified no issues (0 silenced).
August 06, 2021 - 21:30:01
Django version 3.2.4, using settings 'cobalt.settings'
Starting development server at http://0.0.0.0:8088/
Quit the server with CONTROL-C.
[06/Aug/2021 21:30:04] "GET /accounts/login HTTP/1.1" 301 0
[06/Aug/2021 21:30:04] "GET /accounts/login/ HTTP/1.1" 200 5828
[06/Aug/2021 21:30:04] "GET /static/assets/css/cobalt.css HTTP/1.1" 200 1840
[06/Aug/2021 21:30:04] "GET /static/assets/js/core/popper.min.js HTTP/1.1" 200 33477
[06/Aug/2021 21:30:04] "GET /static/assets/js/core/bootstrap-material-design.min.js HTTP/1.1" 200 76652
[06/Aug/2021 21:30:04] "GET /static/assets/js/core/jquery.min.js HTTP/1.1" 200 145741
[06/Aug/2021 21:30:04] "GET /static/assets/css/material-dashboard.css?v=2.1.1 HTTP/1.1" 200 662666
[06/Aug/2021 21:30:04] "GET /static/assets/img/backgrounds/bg2.jpg HTTP/1.1" 200 666573
[06/Aug/2021 21:30:04] "GET /static/assets/img/favicon.png HTTP/1.1" 200 4109
[06/Aug/2021 21:30:05] "POST /accounts/login/ HTTP/1.1" 302 0
[06/Aug/2021 21:30:05] "GET /dashboard HTTP/1.1" 301 0
[06/Aug/2021 21:30:05] "GET /dashboard/ HTTP/1.1" 200 43937
[06/Aug/2021 21:30:06] "GET /static/assets/js/jquery-validation-1.19.2/additional-methods.min.js HTTP/1.1" 200 22660
[06/Aug/2021 21:30:06] "GET /static/assets/css/font-awesome.5.14/css/all.min.css HTTP/1.1" 200 58935
[06/Aug/2021 21:30:06] "GET /static/assets/js/jquery-validation-1.19.2/jquery.validate.min.js HTTP/1.1" 200 24443
[06/Aug/2021 21:30:06] "GET /static/assets/js/core/jquery-3.4.1.min.js HTTP/1.1" 200 88145
[06/Aug/2021 21:30:06] "GET /static/assets/js/waypoints/jquery.waypoints.min.js HTTP/1.1" 200 9028
[06/Aug/2021 21:30:06] "GET /static/assets/js/waypoints/shortcuts/infinite.min.js HTTP/1.1" 200 1460
[06/Aug/2021 21:30:06] "GET /static/assets/js/plugins/perfect-scrollbar.jquery.min.js HTTP/1.1" 200 25332
[06/Aug/2021 21:30:06] "GET /static/assets/js/countUp.2.0.7/countUp.umd.js HTTP/1.1" 200 10765
[06/Aug/2021 21:30:06] "GET /static/assets/js/polyfill.core-js.2.4.1.js HTTP/1.1" 200 238050
[06/Aug/2021 21:30:06] "GET /static/assets/js/material-dashboard-noscroll.js?v=2.1.1 HTTP/1.1" 200 21885
[06/Aug/2021 21:30:06] "GET /static/assets/img/abftechlogo.png HTTP/1.1" 200 120249
[06/Aug/2021 21:30:06] "GET /media/pic_folder/100.jpg HTTP/1.1" 200 258470
[06/Aug/2021 21:30:06] "GET /media/pic_folder/mark.jpg HTTP/1.1" 200 154704
[06/Aug/2021 21:30:06] "GET /media/pic_folder/109.jpg HTTP/1.1" 200 602644
[06/Aug/2021 21:30:06] "GET /media/pic_folder/106.jpg HTTP/1.1" 200 470710
[06/Aug/2021 21:30:06] "GET /media/pic_folder/103.jpg HTTP/1.1" 200 426654
[06/Aug/2021 21:30:06] "GET /media/pic_folder/julian.jpg HTTP/1.1" 200 746326
[06/Aug/2021 21:30:06] "GET /static/assets/img/slider.jpg HTTP/1.1" 200 18135
[06/Aug/2021 21:30:10] "GET /payments/setup-autotopup HTTP/1.1" 200 18934
[06/Aug/2021 21:30:10] "GET /static/payments/css/normalize.css HTTP/1.1" 200 6673
[06/Aug/2021 21:30:10] "GET /static/payments/css/stripe-global.css HTTP/1.1" 200 5673
[06/Aug/2021 21:30:10] "GET /static/assets/js/plugins/sweetalert2.js HTTP/1.1" 200 66425
[06/Aug/2021 21:30:10] "GET /static/payments/js/stripe-auto-script.js HTTP/1.1" 200 4190
[06/Aug/2021 21:30:10] "GET /static/assets/img/50.png HTTP/1.1" 200 30491
[06/Aug/2021 21:30:10] "GET /static/assets/img/100.png HTTP/1.1" 200 25638
[06/Aug/2021 21:30:10] "GET /static/assets/img/150.png HTTP/1.1" 200 30925
[06/Aug/2021 21:30:10] "GET /static/assets/img/200.png HTTP/1.1" 200 31389
Stripe auto intent successful
{
  "application": null,
  "cancellation_reason": null,
  "client_secret": "seti_1JLRFgJWMUHj2yxkdxiHwRdq_secret_JzQ51EzGp87acUXJPmArkv7Zzy5kLE6",
  "created": 1628249412,
  "customer": "cus_JzQ5n7EymoKdUP",
  "description": "Intent to set up auto pay by Alan Admin (ABF: 100)",
  "id": "seti_1JLRFgJWMUHj2yxkdxiHwRdq",
  "last_setup_error": null,
  "latest_attempt": null,
  "livemode": false,
  "mandate": null,
  "metadata": {
    "cobalt_member_id": "6",
    "cobalt_tran_type": "Auto"
  },
  "next_action": null,
  "object": "setup_intent",
  "on_behalf_of": null,
  "payment_method": null,
  "payment_method_options": {
    "card": {
      "request_three_d_secure": "automatic"
    }
  },
  "payment_method_types": [
    "card"
  ],
  "single_use_mandate": null,
  "status": "requires_payment_method",
  "usage": "off_session"
}
[06/Aug/2021 21:30:11] "POST /payments/create-payment-superintent HTTP/1.1" 200 152
Unexpected event found - setup_intent.created
[06/Aug/2021 21:30:11] "POST /payments/stripe-webhook HTTP/1.1" 200 0
Unexpected event found - customer.created
[06/Aug/2021 21:30:11] "POST /payments/stripe-webhook HTTP/1.1" 200 0
[06/Aug/2021 21:30:15] "GET /payments/stripe-autotopup-off HTTP/1.1" 200 2
[06/Aug/2021 21:30:17] "GET /payments/stripe-autotopup-confirm HTTP/1.1" 200 2
Unexpected event found - setup_intent.succeeded
[06/Aug/2021 21:30:17] "POST /payments/stripe-webhook HTTP/1.1" 200 0
[06/Aug/2021 21:30:18] "POST /payments/stripe-webhook HTTP/1.1" 200 0
[06/Aug/2021 21:30:38] "GET /dashboard/ HTTP/1.1" 302 0
[06/Aug/2021 21:30:38] "GET /accounts/login/?next=/dashboard/ HTTP/1.1" 200 5828
[06/Aug/2021 21:30:38] "GET /static/assets/img/backgrounds/bg1.jpg HTTP/1.1" 200 184180
[06/Aug/2021 21:30:49] "POST /accounts/login/?next=/dashboard/ HTTP/1.1" 302 0
[06/Aug/2021 21:30:49] "GET /dashboard/ HTTP/1.1" 200 45126
[06/Aug/2021 21:30:49] "GET /media/pic_folder/100.jpg HTTP/1.1" 200 258470
[06/Aug/2021 21:30:49] "GET /media/pic_folder/mark.jpg HTTP/1.1" 200 154704
[06/Aug/2021 21:30:49] "GET /media/pic_folder/106.jpg HTTP/1.1" 200 470710
[06/Aug/2021 21:30:49] "GET /media/pic_folder/julian.jpg HTTP/1.1" 200 746326
[06/Aug/2021 21:30:49] "GET /media/pic_folder/103.jpg HTTP/1.1" 200 426654
[06/Aug/2021 21:30:49] "GET /media/pic_folder/109.jpg HTTP/1.1" 200 602644
[06/Aug/2021 21:30:53] "GET /payments/ HTTP/1.1" 200 29782
[06/Aug/2021 21:31:56] "GET /payments/ HTTP/1.1" 200 29782
[06/Aug/2021 21:33:31] "GET /accounts/login HTTP/1.1" 301 0
[06/Aug/2021 21:33:31] "GET /accounts/login/ HTTP/1.1" 200 5828
[06/Aug/2021 21:33:31] "GET /static/assets/css/cobalt.css HTTP/1.1" 200 1840
[06/Aug/2021 21:33:31] "GET /static/assets/js/core/popper.min.js HTTP/1.1" 200 33477
[06/Aug/2021 21:33:31] "GET /static/assets/js/core/bootstrap-material-design.min.js HTTP/1.1" 200 76652
[06/Aug/2021 21:33:31] "GET /static/assets/js/core/jquery.min.js HTTP/1.1" 200 145741
[06/Aug/2021 21:33:31] "GET /static/assets/css/material-dashboard.css?v=2.1.1 HTTP/1.1" 200 662666
[06/Aug/2021 21:33:31] "GET /static/assets/img/backgrounds/bg1.jpg HTTP/1.1" 200 184180
[06/Aug/2021 21:33:31] "GET /static/assets/img/favicon.png HTTP/1.1" 200 4109
[06/Aug/2021 21:33:32] "POST /accounts/login/ HTTP/1.1" 302 0
[06/Aug/2021 21:33:32] "GET /dashboard HTTP/1.1" 301 0
[06/Aug/2021 21:33:32] "GET /dashboard/ HTTP/1.1" 200 45118
[06/Aug/2021 21:33:32] "GET /static/assets/js/plugins/perfect-scrollbar.jquery.min.js HTTP/1.1" 200 25332
[06/Aug/2021 21:33:32] "GET /static/assets/js/jquery-validation-1.19.2/jquery.validate.min.js HTTP/1.1" 200 24443
[06/Aug/2021 21:33:32] "GET /static/assets/js/jquery-validation-1.19.2/additional-methods.min.js HTTP/1.1" 200 22660
[06/Aug/2021 21:33:32] "GET /static/assets/js/core/jquery-3.4.1.min.js HTTP/1.1" 200 88145
[06/Aug/2021 21:33:32] "GET /static/assets/css/font-awesome.5.14/css/all.min.css HTTP/1.1" 200 58935
[06/Aug/2021 21:33:32] "GET /static/assets/js/waypoints/jquery.waypoints.min.js HTTP/1.1" 200 9028
[06/Aug/2021 21:33:32] "GET /static/assets/js/waypoints/shortcuts/infinite.min.js HTTP/1.1" 200 1460
[06/Aug/2021 21:33:32] "GET /static/assets/js/countUp.2.0.7/countUp.umd.js HTTP/1.1" 200 10765
[06/Aug/2021 21:33:32] "GET /static/assets/js/material-dashboard-noscroll.js?v=2.1.1 HTTP/1.1" 200 21885
[06/Aug/2021 21:33:32] "GET /static/assets/img/abftechlogo.png HTTP/1.1" 200 120249
[06/Aug/2021 21:33:33] "GET /static/assets/js/polyfill.core-js.2.4.1.js HTTP/1.1" 200 238050
[06/Aug/2021 21:33:33] "GET /media/pic_folder/109.jpg HTTP/1.1" 200 602644
[06/Aug/2021 21:33:33] "GET /media/pic_folder/100.jpg HTTP/1.1" 200 258470
[06/Aug/2021 21:33:33] "GET /media/pic_folder/103.jpg HTTP/1.1" 200 426654
[06/Aug/2021 21:33:33] "GET /media/pic_folder/julian.jpg HTTP/1.1" 200 746326
[06/Aug/2021 21:33:33] "GET /media/pic_folder/mark.jpg HTTP/1.1" 200 154704
[06/Aug/2021 21:33:33] "GET /media/pic_folder/106.jpg HTTP/1.1" 200 470710
[06/Aug/2021 21:33:33] "GET /static/assets/img/slider.jpg HTTP/1.1" 200 18135
[06/Aug/2021 21:33:35] "GET /payments/setup-autotopup HTTP/1.1" 200 19038
[06/Aug/2021 21:33:35] "GET /static/payments/css/normalize.css HTTP/1.1" 200 6673
[06/Aug/2021 21:33:35] "GET /static/payments/css/stripe-global.css HTTP/1.1" 200 5673
[06/Aug/2021 21:33:35] "GET /static/assets/js/plugins/sweetalert2.js HTTP/1.1" 200 66425
[06/Aug/2021 21:33:35] "GET /static/payments/js/stripe-auto-script.js HTTP/1.1" 200 4190
[06/Aug/2021 21:33:35] "GET /static/assets/img/50.png HTTP/1.1" 200 30491
[06/Aug/2021 21:33:35] "GET /static/assets/img/100.png HTTP/1.1" 200 25638
[06/Aug/2021 21:33:36] "GET /static/assets/img/150.png HTTP/1.1" 200 30925
[06/Aug/2021 21:33:36] "GET /static/assets/img/200.png HTTP/1.1" 200 31389
Stripe auto intent successful
{
  "application": null,
  "cancellation_reason": null,
  "client_secret": "seti_1JLRJ0JWMUHj2yxkJVzSAbEI_secret_JzQ9OatfvC8gzlrEW4aOtMMqY98NLNh",
  "created": 1628249618,
  "customer": "cus_JzQ5n7EymoKdUP",
  "description": "Intent to set up auto pay by Alan Admin (ABF: 100)",
  "id": "seti_1JLRJ0JWMUHj2yxkJVzSAbEI",
  "last_setup_error": null,
  "latest_attempt": null,
  "livemode": false,
  "mandate": null,
  "metadata": {
    "cobalt_member_id": "6",
    "cobalt_tran_type": "Auto"
  },
  "next_action": null,
  "object": "setup_intent",
  "on_behalf_of": null,
  "payment_method": null,
  "payment_method_options": {
    "card": {
      "request_three_d_secure": "automatic"
    }
  },
  "payment_method_types": [
    "card"
  ],
  "single_use_mandate": null,
  "status": "requires_payment_method",
  "usage": "off_session"
}
[06/Aug/2021 21:33:37] "POST /payments/create-payment-superintent HTTP/1.1" 200 152
[06/Aug/2021 21:33:40] "GET /payments/stripe-autotopup-off HTTP/1.1" 200 2
Unexpected event found - setup_intent.created
[06/Aug/2021 21:33:41] "POST /payments/stripe-webhook HTTP/1.1" 200 0
[06/Aug/2021 21:33:42] "GET /payments/stripe-autotopup-confirm HTTP/1.1" 200 2
[06/Aug/2021 21:33:42] "POST /payments/stripe-webhook HTTP/1.1" 200 0
Unexpected event found - setup_intent.succeeded
[06/Aug/2021 21:33:46] "POST /payments/stripe-webhook HTTP/1.1" 200 0
